<?xml version="1.0" encoding="UTF-8" ?>
<testsuite tests="4" failures="0" name="com.practice.mavenproject.Runner.Testrun" time="0.026" errors="2" skipped="0">
  <properties>
[...]
</properties>
  <testcase classname="Scenario: Title of your scenario" name="Given user launches app" time="0.004"/>
  <testcase classname="Scenario: Title of your scenario" name="When user select mobiles from mainmenu" time="0"/>
  <testcase classname="Scenario: Title of your scenario" name="And user click on view all" time="0.009">
    <error message="unknown error: operation is unsupported on Android
  (Session info: chrome=44.0.2403.119)
  (Driver info: chromedriver=2.18.343845 (73dd713ba7fbfb73cbb514e62641d8c96a94682a),platform=Windows NT 6.2 x86_64) (WARNING: The server did not provide any stacktrace information)
Command duration or timeout: 64 milliseconds
Build info: version: &apos;3.0.1&apos;, revision: &apos;1969d75&apos;, time: &apos;2016-10-18 09:49:13 -0700&apos;
System info: host: &apos;ICPL11465&apos;, ip: &apos;10.11.31.46&apos;, os.name: &apos;Windows 8&apos;, os.arch: &apos;amd64&apos;, os.version: &apos;6.2&apos;, java.version: &apos;1.8.0_121&apos;
Driver info: io.appium.java_client.android.AndroidDriver
Capabilities [{applicationCacheEnabled=false, rotatable=false, mobileEmulationEnabled=false, chrome={}, takesHeapSnapshot=true, databaseEnabled=false, handlesAlerts=true, hasTouchScreen=true, version=44.0.2403.119, platform=ANDROID, browserConnectionEnabled=false, nativeEvents=true, acceptSslCerts=true, locationContextEnabled=true, webStorageEnabled=true, browserName=chrome, takesScreenshot=true, javascriptEnabled=true, cssSelectorsEnabled=true}]
Session ID: 59ea5798cab7b2db40fa8283b18c262f" type="org.openqa.selenium.WebDriverException">org.openqa.selenium.WebDriverException: unknown error: operation is unsupported on Android
  (Session info: chrome=44.0.2403.119)
  (Driver info: chromedriver=2.18.343845 (73dd713ba7fbfb73cbb514e62641d8c96a94682a),platform=Windows NT 6.2 x86_64) (WARNING: The server did not provide any stacktrace information)
Command duration or timeout: 64 milliseconds
Build info: version: &apos;3.0.1&apos;, revision: &apos;1969d75&apos;, time: &apos;2016-10-18 09:49:13 -0700&apos;
System info: host: &apos;ICPL11465&apos;, ip: &apos;10.11.31.46&apos;, os.name: &apos;Windows 8&apos;, os.arch: &apos;amd64&apos;, os.version: &apos;6.2&apos;, java.version: &apos;1.8.0_121&apos;
Driver info: io.appium.java_client.android.AndroidDriver
Capabilities [{applicationCacheEnabled=false, rotatable=false, mobileEmulationEnabled=false, chrome={}, takesHeapSnapshot=true, databaseEnabled=false, handlesAlerts=true, hasTouchScreen=true, version=44.0.2403.119, platform=ANDROID, browserConnectionEnabled=false, nativeEvents=true, acceptSslCerts=true, locationContextEnabled=true, webStorageEnabled=true, browserName=chrome, takesScreenshot=true, javascriptEnabled=true, cssSelectorsEnabled=true}]
Session ID: 59ea5798cab7b2db40fa8283b18c262f
	at sun.reflect.NativeConstructorAccessorImpl.newInstance0(Native Method)
	at sun.reflect.NativeConstructorAccessorImpl.newInstance(NativeConstructorAccessorImpl.java:62)
	at sun.reflect.DelegatingConstructorAccessorImpl.newInstance(DelegatingConstructorAccessorImpl.java:45)
	at java.lang.reflect.Constructor.newInstance(Constructor.java:423)
	at org.openqa.selenium.remote.ErrorHandler.createThrowable(ErrorHandler.java:216)
	at org.openqa.selenium.remote.ErrorHandler.throwIfResponseFailed(ErrorHandler.java:168)
	at org.openqa.selenium.remote.RemoteWebDriver.execute(RemoteWebDriver.java:635)
	at io.appium.java_client.DefaultGenericMobileDriver.execute(DefaultGenericMobileDriver.java:40)
	at io.appium.java_client.AppiumDriver.execute(AppiumDriver.java:235)
	at org.openqa.selenium.remote.RemoteWebDriver$RemoteWebDriverOptions$RemoteWindow.getSize(RemoteWebDriver.java:858)
	at com.practice.mavenproject.driverutils.Utils.swipeTo(Utils.java:30)
	at com.practice.mavenproject.Steps.stepDefs.clickOnViewall(stepDefs.java:36)
	at ✽.And user click on view all(flipkart.feature:6)
</error>
  </testcase>
  <testcase classname="Scenario: Title of your scenario" name="Scenario: Title of your scenario" time="0.013">
    <error message="unknown error: operation is unsupported on Android
  (Session info: chrome=44.0.2403.119)
  (Driver info: chromedriver=2.18.343845 (73dd713ba7fbfb73cbb514e62641d8c96a94682a),platform=Windows NT 6.2 x86_64) (WARNING: The server did not provide any stacktrace information)
Command duration or timeout: 64 milliseconds
Build info: version: &apos;3.0.1&apos;, revision: &apos;1969d75&apos;, time: &apos;2016-10-18 09:49:13 -0700&apos;
System info: host: &apos;ICPL11465&apos;, ip: &apos;10.11.31.46&apos;, os.name: &apos;Windows 8&apos;, os.arch: &apos;amd64&apos;, os.version: &apos;6.2&apos;, java.version: &apos;1.8.0_121&apos;
Driver info: io.appium.java_client.android.AndroidDriver
Capabilities [{applicationCacheEnabled=false, rotatable=false, mobileEmulationEnabled=false, chrome={}, takesHeapSnapshot=true, databaseEnabled=false, handlesAlerts=true, hasTouchScreen=true, version=44.0.2403.119, platform=ANDROID, browserConnectionEnabled=false, nativeEvents=true, acceptSslCerts=true, locationContextEnabled=true, webStorageEnabled=true, browserName=chrome, takesScreenshot=true, javascriptEnabled=true, cssSelectorsEnabled=true}]
Session ID: 59ea5798cab7b2db40fa8283b18c262f" type="org.openqa.selenium.WebDriverException">org.openqa.selenium.WebDriverException: unknown error: operation is unsupported on Android
  (Session info: chrome=44.0.2403.119)
  (Driver info: chromedriver=2.18.343845 (73dd713ba7fbfb73cbb514e62641d8c96a94682a),platform=Windows NT 6.2 x86_64) (WARNING: The server did not provide any stacktrace information)
Command duration or timeout: 64 milliseconds
Build info: version: &apos;3.0.1&apos;, revision: &apos;1969d75&apos;, time: &apos;2016-10-18 09:49:13 -0700&apos;
System info: host: &apos;ICPL11465&apos;, ip: &apos;10.11.31.46&apos;, os.name: &apos;Windows 8&apos;, os.arch: &apos;amd64&apos;, os.version: &apos;6.2&apos;, java.version: &apos;1.8.0_121&apos;
Driver info: io.appium.java_client.android.AndroidDriver
Capabilities [{applicationCacheEnabled=false, rotatable=false, mobileEmulationEnabled=false, chrome={}, takesHeapSnapshot=true, databaseEnabled=false, handlesAlerts=true, hasTouchScreen=true, version=44.0.2403.119, platform=ANDROID, browserConnectionEnabled=false, nativeEvents=true, acceptSslCerts=true, locationContextEnabled=true, webStorageEnabled=true, browserName=chrome, takesScreenshot=true, javascriptEnabled=true, cssSelectorsEnabled=true}]
Session ID: 59ea5798cab7b2db40fa8283b18c262f
	at sun.reflect.NativeConstructorAccessorImpl.newInstance0(Native Method)
	at sun.reflect.NativeConstructorAccessorImpl.newInstance(NativeConstructorAccessorImpl.java:62)
	at sun.reflect.DelegatingConstructorAccessorImpl.newInstance(DelegatingConstructorAccessorImpl.java:45)
	at java.lang.reflect.Constructor.newInstance(Constructor.java:423)
	at org.openqa.selenium.remote.ErrorHandler.createThrowable(ErrorHandler.java:216)
	at org.openqa.selenium.remote.ErrorHandler.throwIfResponseFailed(ErrorHandler.java:168)
	at org.openqa.selenium.remote.RemoteWebDriver.execute(RemoteWebDriver.java:635)
	at io.appium.java_client.DefaultGenericMobileDriver.execute(DefaultGenericMobileDriver.java:40)
	at io.appium.java_client.AppiumDriver.execute(AppiumDriver.java:235)
	at org.openqa.selenium.remote.RemoteWebDriver$RemoteWebDriverOptions$RemoteWindow.getSize(RemoteWebDriver.java:858)
	at com.practice.mavenproject.driverutils.Utils.swipeTo(Utils.java:30)
	at com.practice.mavenproject.Steps.stepDefs.clickOnViewall(stepDefs.java:36)
	at ✽.And user click on view all(flipkart.feature:6)
</error>
  </testcase>
</testsuite>